<?xml version="1.0" encoding="UTF-8"?>
<testng-results skipped="0" failed="0" ignored="0" total="1" passed="1">
  <reporter-output>
  </reporter-output>
  <suite name="Default suite" duration-ms="31373" started-at="2020-01-07T02:44:52Z" finished-at="2020-01-07T02:45:24Z">
    <groups>
    </groups>
    <test name="Default test" duration-ms="31373" started-at="2020-01-07T02:44:52Z" finished-at="2020-01-07T02:45:24Z">
      <class name="com.training.sanity.tests.LoginTests">
        <test-method status="PASS" signature="setUpBeforeClass()[pri:0, instance:com.training.sanity.tests.LoginTests@724af044]" name="setUpBeforeClass" is-config="true" duration-ms="13" started-at="2020-01-07T08:14:52Z" finished-at="2020-01-07T08:14:52Z">
          <reporter-output>
          </reporter-output>
        </test-method> <!-- setUpBeforeClass -->
        <test-method status="PASS" signature="setUp()[pri:0, instance:com.training.sanity.tests.LoginTests@724af044]" name="setUp" is-config="true" duration-ms="16035" started-at="2020-01-07T08:14:52Z" finished-at="2020-01-07T08:15:08Z">
          <reporter-output>
          </reporter-output>
        </test-method> <!-- setUp -->
        <test-method status="PASS" signature="validLoginTest()[pri:0, instance:com.training.sanity.tests.LoginTests@724af044]" name="validLoginTest" duration-ms="13478" started-at="2020-01-07T08:15:08Z" finished-at="2020-01-07T08:15:22Z">
          <reporter-output>
          </reporter-output>
        </test-method> <!-- validLoginTest -->
        <test-method status="PASS" signature="tearDown()[pri:0, instance:com.training.sanity.tests.LoginTests@724af044]" name="tearDown" is-config="true" duration-ms="1820" started-at="2020-01-07T08:15:22Z" finished-at="2020-01-07T08:15:24Z">
          <reporter-output>
          </reporter-output>
        </test-method> <!-- tearDown -->
      </class> <!-- com.training.sanity.tests.LoginTests -->
    </test> <!-- Default test -->
  </suite> <!-- Default suite -->
</testng-results>
